<?xml version="1.0" encoding="UTF-8"?>
<testng-results ignored="0" total="3" passed="3" failed="0" skipped="0">
  <reporter-output>
    <line>
      <![CDATA[calls]]>
    </line>
    <line>
      <![CDATA[chats]]>
    </line>
    <line>
      <![CDATA[settings]]>
    </line>
  </reporter-output>
  <suite started-at="2022-01-04T13:51:40 IST" name="Default suite" finished-at="2022-01-04T13:51:40 IST" duration-ms="304">
    <groups>
    </groups>
    <test started-at="2022-01-04T13:51:40 IST" name="Default test" finished-at="2022-01-04T13:51:40 IST" duration-ms="304">
      <class name="testNG.Test1">
        <test-method signature="calls()[pri:0, instance:testNG.Test1@7f010382]" started-at="2022-01-04T13:51:40 IST" name="calls" finished-at="2022-01-04T13:51:40 IST" duration-ms="33" status="PASS">
          <reporter-output>
            <line>
              <![CDATA[calls]]>
            </line>
          </reporter-output>
        </test-method> <!-- calls -->
        <test-method signature="chats()[pri:0, instance:testNG.Test1@7f010382]" started-at="2022-01-04T13:51:40 IST" name="chats" finished-at="2022-01-04T13:51:40 IST" duration-ms="6" status="PASS">
          <reporter-output>
            <line>
              <![CDATA[chats]]>
            </line>
          </reporter-output>
        </test-method> <!-- chats -->
        <test-method signature="settings()[pri:0, instance:testNG.Test1@7f010382]" started-at="2022-01-04T13:51:40 IST" name="settings" finished-at="2022-01-04T13:51:40 IST" duration-ms="4" status="PASS">
          <reporter-output>
            <line>
              <![CDATA[settings]]>
            </line>
          </reporter-output>
        </test-method> <!-- settings -->
      </class> <!-- testNG.Test1 -->
    </test> <!-- Default test -->
  </suite> <!-- Default suite -->
</testng-results>
